[    0.000000] Initializing cgroup subsys cpuset
[    0.000000] Initializing cgroup subsys cpu
[    0.000000] Initializing cgroup subsys cpuacct
[    0.000000] Linux version 4.4.0-112-generic (buildd@lgw01-amd64-010) (gcc version 5.4.0 20160609 (Ubuntu 5.4.0-6ubuntu1~16.04.5) ) #135-Ubuntu SMP Fri Jan 19 11:48:36 UTC 2018 (Ubuntu 4.4.0-112.135-generic 4.4.98)
[    0.000000] Command line: BOOT_IMAGE=/boot/vmlinuz-4.4.0-112-generic root=LABEL=cloudimg-rootfs ro console=tty1 console=ttyS0
[    0.000000] KERNEL supported cpus:
[    0.000000]   Intel GenuineIntel
[    0.000000]   AMD AuthenticAMD
[    0.000000]   Centaur CentaurHauls
[    0.000000] x86/fpu: xstate_offset[2]:  576, xstate_sizes[2]:  256
[    0.000000] x86/fpu: Supporting XSAVE feature 0x01: 'x87 floating point registers'
[    0.000000] x86/fpu: Supporting XSAVE feature 0x02: 'SSE registers'
[    0.000000] x86/fpu: Supporting XSAVE feature 0x04: 'AVX registers'
[    0.000000] x86/fpu: Enabled xstate features 0x7, context size is 832 bytes, using 'standard' format.
[    0.000000] x86/fpu: Using 'lazy' FPU context switches.
[    0.000000] e820: BIOS-provided physical RAM map:
[    0.000000] BIOS-e820: [mem 0x0000000000000000-0x000000000009fbff] usable
[    0.000000] BIOS-e820: [mem 0x000000000009fc00-0x000000000009ffff] reserved
[    0.000000] BIOS-e820: [mem 0x00000000000f0000-0x00000000000fffff] reserved
[    0.000000] BIOS-e820: [mem 0x0000000000100000-0x00000000dffeffff] usable
[    0.000000] BIOS-e820: [mem 0x00000000dfff0000-0x00000000dfffffff] ACPI data
[    0.000000] BIOS-e820: [mem 0x00000000fec00000-0x00000000fec00fff] reserved
[    0.000000] BIOS-e820: [mem 0x00000000fee00000-0x00000000fee00fff] reserved
[    0.000000] BIOS-e820: [mem 0x00000000fffc0000-0x00000000ffffffff] reserved
[    0.000000] BIOS-e820: [mem 0x0000000100000000-0x000000011fffffff] usable
[    0.000000] NX (Execute Disable) protection: active
[    0.000000] SMBIOS 2.5 present.
[    0.000000] Hypervisor detected: KVM
[    0.000000] e820: last_pfn = 0x120000 max_arch_pfn = 0x400000000
[    0.000000] MTRR: Disabled
[    0.000000] x86/PAT: MTRRs disabled, skipping PAT initialization too.
[    0.000000] CPU MTRRs all blank - virtualized system.
[    0.000000] x86/PAT: Configuration [0-7]: WB  WT  UC- UC  WB  WT  UC- UC  
[    0.000000] e820: last_pfn = 0xdfff0 max_arch_pfn = 0x400000000
[    0.000000] found SMP MP-table at [mem 0x0009fff0-0x0009ffff] mapped at [ffff88000009fff0]
[    0.000000] Scanning 1 areas for low memory corruption
[    0.000000] RAMDISK: [mem 0x36adc000-0x37565fff]
[    0.000000] ACPI: Early table checksum verification disabled
[    0.000000] ACPI: RSDP 0x00000000000E0000 000024 (v02 VBOX  )
[    0.000000] ACPI: XSDT 0x00000000DFFF0030 00003C (v01 VBOX   VBOXXSDT 00000001 ASL  00000061)
[    0.000000] ACPI: FACP 0x00000000DFFF00F0 0000F4 (v04 VBOX   VBOXFACP 00000001 ASL  00000061)
[    0.000000] ACPI: DSDT 0x00000000DFFF0480 0021FF (v02 VBOX   VBOXBIOS 00000002 INTL 20160108)
[    0.000000] ACPI: FACS 0x00000000DFFF0200 000040
[    0.000000] ACPI: FACS 0x00000000DFFF0200 000040
[    0.000000] ACPI: APIC 0x00000000DFFF0240 00006C (v02 VBOX   VBOXAPIC 00000001 ASL  00000061)
[    0.000000] ACPI: SSDT 0x00000000DFFF02B0 0001CC (v01 VBOX   VBOXCPUT 00000002 INTL 20160108)
[    0.000000] No NUMA configuration found
[    0.000000] Faking a node at [mem 0x0000000000000000-0x000000011fffffff]
[    0.000000] NODE_DATA(0) allocated [mem 0x11fff7000-0x11fffbfff]
[    0.000000] kvm-clock: Using msrs 4b564d01 and 4b564d00
[    0.000000] kvm-clock: cpu 0, msr 1:1ffef001, primary cpu clock
[    0.000000] kvm-clock: using sched offset of 3061065138 cycles
[    0.000000] clocksource: kvm-clock: mask: 0xffffffffffffffff max_cycles: 0x1cd42e4dffb, max_idle_ns: 881590591483 ns
[    0.000000] Zone ranges:
[    0.000000]   DMA      [mem 0x0000000000001000-0x0000000000ffffff]
[    0.000000]   DMA32    [mem 0x0000000001000000-0x00000000ffffffff]
[    0.000000]   Normal   [mem 0x0000000100000000-0x000000011fffffff]
[    0.000000]   Device   empty
[    0.000000] Movable zone start for each node
[    0.000000] Early memory node ranges
[    0.000000]   node   0: [mem 0x0000000000001000-0x000000000009efff]
[    0.000000]   node   0: [mem 0x0000000000100000-0x00000000dffeffff]
[    0.000000]   node   0: [mem 0x0000000100000000-0x000000011fffffff]
[    0.000000] Initmem setup node 0 [mem 0x0000000000001000-0x000000011fffffff]
[    0.000000] ACPI: PM-Timer IO Port: 0x4008
[    0.000000] IOAPIC[0]: apic_id 4, version 32, address 0xfec00000, GSI 0-23
[    0.000000] ACPI: INT_SRC_OVR (bus 0 bus_irq 0 global_irq 2 dfl dfl)
[    0.000000] ACPI: INT_SRC_OVR (bus 0 bus_irq 9 global_irq 9 high level)
[    0.000000] Using ACPI (MADT) for SMP configuration information
[    0.000000] smpboot: Allowing 4 CPUs, 0 hotplug CPUs
[    0.000000] PM: Registered nosave memory: [mem 0x00000000-0x00000fff]
[    0.000000] PM: Registered nosave memory: [mem 0x0009f000-0x0009ffff]
[    0.000000] PM: Registered nosave memory: [mem 0x000a0000-0x000effff]
[    0.000000] PM: Registered nosave memory: [mem 0x000f0000-0x000fffff]
[    0.000000] PM: Registered nosave memory: [mem 0xdfff0000-0xdfffffff]
[    0.000000] PM: Registered nosave memory: [mem 0xe0000000-0xfebfffff]
[    0.000000] PM: Registered nosave memory: [mem 0xfec00000-0xfec00fff]
[    0.000000] PM: Registered nosave memory: [mem 0xfec01000-0xfedfffff]
[    0.000000] PM: Registered nosave memory: [mem 0xfee00000-0xfee00fff]
[    0.000000] PM: Registered nosave memory: [mem 0xfee01000-0xfffbffff]
[    0.000000] PM: Registered nosave memory: [mem 0xfffc0000-0xffffffff]
[    0.000000] e820: [mem 0xe0000000-0xfebfffff] available for PCI devices
[    0.000000] Booting paravirtualized kernel on KVM
[    0.000000] clocksource: refined-jiffies: mask: 0xffffffff max_cycles: 0xffffffff, max_idle_ns: 7645519600211568 ns
[    0.000000] setup_percpu: NR_CPUS:512 nr_cpumask_bits:512 nr_cpu_ids:4 nr_node_ids:1
[    0.000000] PERCPU: Embedded 34 pages/cpu @ffff88011fc00000 s99544 r8192 d31528 u524288
[    0.000000] PV qspinlock hash table entries: 256 (order: 0, 4096 bytes)
[    0.000000] Built 1 zonelists in Node order, mobility grouping on.  Total pages: 1032057
[    0.000000] Policy zone: Normal
[    0.000000] Kernel command line: BOOT_IMAGE=/boot/vmlinuz-4.4.0-112-generic root=LABEL=cloudimg-rootfs ro console=tty1 console=ttyS0
[    0.000000] PID hash table entries: 4096 (order: 3, 32768 bytes)
[    0.000000] Memory: 4031980K/4193848K available (8499K kernel code, 1309K rwdata, 3988K rodata, 1508K init, 1316K bss, 161868K reserved, 0K cma-reserved)
[    0.000000] SLUB: HWalign=64, Order=0-3, MinObjects=0, CPUs=4, Nodes=1
[    0.000000] Kernel/User page tables isolation: enabled
[    0.000000] Hierarchical RCU implementation.
[    0.000000] 	Build-time adjustment of leaf fanout to 64.
[    0.000000] 	RCU restricting CPUs from NR_CPUS=512 to nr_cpu_ids=4.
[    0.000000] RCU: Adjusting geometry for rcu_fanout_leaf=64, nr_cpu_ids=4
[    0.000000] NR_IRQS:33024 nr_irqs:456 16
[    0.000000] Console: colour VGA+ 80x25
[    0.000000] console [tty1] enabled
[    0.000000] console [ttyS0] enabled
[    0.000000] tsc: Detected 2594.116 MHz processor
[    0.281946] Calibrating delay loop (skipped) preset value.. 5188.23 BogoMIPS (lpj=10376464)
[    0.283449] pid_max: default: 32768 minimum: 301
[    0.284245] ACPI: Core revision 20150930
[    0.287125] ACPI: 2 ACPI AML tables successfully acquired and loaded
[    0.290234] Security Framework initialized
[    0.293831] Yama: becoming mindful.
[    0.300133] AppArmor: AppArmor initialized
[    0.308490] Dentry cache hash table entries: 524288 (order: 10, 4194304 bytes)
[    0.319554] Inode-cache hash table entries: 262144 (order: 9, 2097152 bytes)
[    0.355665] Mount-cache hash table entries: 8192 (order: 4, 65536 bytes)
[    0.363470] Mountpoint-cache hash table entries: 8192 (order: 4, 65536 bytes)
[    0.367445] Initializing cgroup subsys io
[    0.376038] Initializing cgroup subsys memory
[    0.377107] Initializing cgroup subsys devices
[    0.388539] Initializing cgroup subsys freezer
[    0.399855] Initializing cgroup subsys net_cls
[    0.400628] Initializing cgroup subsys perf_event
[    0.401447] Initializing cgroup subsys net_prio
[    0.407767] Initializing cgroup subsys hugetlb
[    0.408702] Initializing cgroup subsys pids
[    0.409732] CPU: Physical Processor ID: 0
[    0.410608] CPU: Processor Core ID: 0
[    0.411410] FEATURE SPEC_CTRL Not Present
[    0.414035] mce: CPU supports 0 MCE banks
[    0.414943] Last level iTLB entries: 4KB 512, 2MB 8, 4MB 8
[    0.416085] Last level dTLB entries: 4KB 512, 2MB 32, 4MB 32, 1GB 0
[    0.419473] Freeing SMP alternatives memory: 32K
[    0.430109] ftrace: allocating 32180 entries in 126 pages
[    0.486315] smpboot: APIC(0) Converting physical 0 to logical package 0
[    0.587132] smpboot: Max logical packages: 1
[    0.588331] x2apic enabled
[    0.589240] Switched APIC routing to physical x2apic.
[    0.591349] ..TIMER: vector=0x30 apic1=0 pin1=2 apic2=-1 pin2=-1
[    0.697129] smpboot: CPU0: Intel(R) Core(TM) i5-3320M CPU @ 2.60GHz (family: 0x6, model: 0x3a, stepping: 0x9)
[    0.703266] Performance Events: unsupported p6 CPU model 58 no PMU driver, software events only.
[    0.704861] KVM setup paravirtual spinlock
[    0.706343] x86: Booting SMP configuration:
[    0.723175] .... node  #0, CPUs:      #1
[    0.724233] kvm-clock: cpu 1, msr 1:1ffef041, secondary cpu clock
[    0.725287] mce: CPU supports 0 MCE banks
[    0.727834]  #2
[    0.729706] kvm-clock: cpu 2, msr 1:1ffef081, secondary cpu clock
[    0.730730] mce: CPU supports 0 MCE banks
[    0.733231]  #3
[    0.733779] kvm-clock: cpu 3, msr 1:1ffef0c1, secondary cpu clock
[    0.737056] mce: CPU supports 0 MCE banks
[    0.739691] x86: Booted up 1 node, 4 CPUs
[    0.744553] smpboot: Total of 4 processors activated (20752.92 BogoMIPS)
[    0.746013] devtmpfs: initialized
[    0.749220] evm: security.selinux
[    0.764734] evm: security.SMACK64
[    0.781804] evm: security.SMACK64EXEC
[    0.787822] evm: security.SMACK64TRANSMUTE
[    0.788545] evm: security.SMACK64MMAP
[    0.789239] evm: security.ima
[    0.789827] evm: security.capability
[    0.790727] clocksource: jiffies: mask: 0xffffffff max_cycles: 0xffffffff, max_idle_ns: 7645041785100000 ns
[    0.793390] futex hash table entries: 1024 (order: 4, 65536 bytes)
[    0.794516] pinctrl core: initialized pinctrl subsystem
[    0.795524] RTC time: 17:26:21, date: 03/23/18
[    0.796471] NET: Registered protocol family 16
[    0.809033] cpuidle: using governor ladder
[    0.828891] cpuidle: using governor menu
[    0.832176] PCCT header not found.
[    0.833359] ACPI: bus type PCI registered
[    0.834512] acpiphp: ACPI Hot Plug PCI Controller Driver version: 0.5
[    0.837591] PCI: Using configuration type 1 for base access
[    0.854680] ACPI: Added _OSI(Module Device)
[    0.861887] ACPI: Added _OSI(Processor Device)
[    0.863707] ACPI: Added _OSI(3.0 _SCP Extensions)
[    0.864773] ACPI: Added _OSI(Processor Aggregator Device)
[    0.866565] ACPI: Executed 1 blocks of module-level executable AML code
[    0.873733] ACPI: Interpreter enabled
[    0.874425] ACPI: (supports S0 S5)
[    0.875060] ACPI: Using IOAPIC for interrupt routing
[    0.876065] PCI: Using host bridge windows from ACPI; if necessary, use "pci=nocrs" and report a bug
[    0.881082] ACPI: PCI Root Bridge [PCI0] (domain 0000 [bus 00-ff])
[    0.884256] acpi PNP0A03:00: _OSC: OS supports [ASPM ClockPM Segments MSI]
[    0.887528] acpi PNP0A03:00: _OSC: not requesting OS control; OS requires [ExtendedConfig ASPM ClockPM MSI]
[    0.889136] acpi PNP0A03:00: fail to add MMCONFIG information, can't access extended PCI configuration space under this bridge.
[    0.891261] PCI host bridge to bus 0000:00
[    0.892017] pci_bus 0000:00: root bus resource [io  0x0000-0x0cf7 window]
[    0.951697] pci_bus 0000:00: root bus resource [io  0x0d00-0xffff window]
[    0.966817] pci_bus 0000:00: root bus resource [mem 0x000a0000-0x000bffff window]
[    0.982524] pci_bus 0000:00: root bus resource [mem 0xe0000000-0xffdfffff window]
[    1.004656] pci_bus 0000:00: root bus resource [bus 00-ff]
[    1.012531] pci 0000:00:01.1: legacy IDE quirk: reg 0x10: [io  0x01f0-0x01f7]
[    1.015023] pci 0000:00:01.1: legacy IDE quirk: reg 0x14: [io  0x03f6]
[    1.016361] pci 0000:00:01.1: legacy IDE quirk: reg 0x18: [io  0x0170-0x0177]
[    1.022986] pci 0000:00:01.1: legacy IDE quirk: reg 0x1c: [io  0x0376]
[    1.098893] pci 0000:00:07.0: quirk: [io  0x4000-0x403f] claimed by PIIX4 ACPI
[    1.135917] pci 0000:00:07.0: quirk: [io  0x4100-0x410f] claimed by PIIX4 SMB
[    1.181475] ACPI: PCI Interrupt Link [LNKA] (IRQs 5 9 10 *11)
[    1.216329] ACPI: PCI Interrupt Link [LNKB] (IRQs 5 9 10 *11)
[    1.219181] ACPI: PCI Interrupt Link [LNKC] (IRQs 5 9 *10 11)
[    1.220645] ACPI: PCI Interrupt Link [LNKD] (IRQs 5 *9 10 11)
[    1.223378] ACPI: Enabled 2 GPEs in block 00 to 07
[    1.224817] vgaarb: setting as boot device: PCI:0000:00:02.0
[    1.232180] vgaarb: device added: PCI:0000:00:02.0,decodes=io+mem,owns=io+mem,locks=none
[    1.233649] vgaarb: loaded
[    1.234380] vgaarb: bridge control possible 0000:00:02.0
[    1.235557] SCSI subsystem initialized
[    1.236447] ACPI: bus type USB registered
[    1.238271] usbcore: registered new interface driver usbfs
[    1.239485] usbcore: registered new interface driver hub
[    1.240679] usbcore: registered new device driver usb
[    1.242077] PCI: Using ACPI for IRQ routing
[    1.243264] NetLabel: Initializing
[    1.244093] NetLabel:  domain hash size = 128
[    1.245146] NetLabel:  protocols = UNLABELED CIPSOv4
[    1.246174] NetLabel:  unlabeled traffic allowed by default
[    1.247525] amd_nb: Cannot enumerate AMD northbridges
[    1.248671] clocksource: Switched to clocksource kvm-clock
[    1.257343] AppArmor: AppArmor Filesystem Enabled
[    1.263674] pnp: PnP ACPI init
[    1.265128] pnp: PnP ACPI: found 3 devices
[    1.281431] clocksource: acpi_pm: mask: 0xffffff max_cycles: 0xffffff, max_idle_ns: 2085701024 ns
[    1.288337] NET: Registered protocol family 2
[    1.289366] TCP established hash table entries: 32768 (order: 6, 262144 bytes)
[    1.290702] TCP bind hash table entries: 32768 (order: 7, 524288 bytes)
[    1.292237] TCP: Hash tables configured (established 32768 bind 32768)
[    1.294381] UDP hash table entries: 2048 (order: 4, 65536 bytes)
[    1.295330] UDP-Lite hash table entries: 2048 (order: 4, 65536 bytes)
[    1.296378] NET: Registered protocol family 1
[    1.297392] pci 0000:00:00.0: Limiting direct PCI/PCI transfers
[    1.303581] pci 0000:00:01.0: Activating ISA DMA hang workarounds
[    1.304999] Unpacking initramfs...
[    3.092655] Freeing initrd memory: 10792K
[    3.105287] PCI-DMA: Using software bounce buffering for IO (SWIOTLB)
[    3.106674] software IO TLB [mem 0xdbff0000-0xdfff0000] (64MB) mapped at [ffff8800dbff0000-ffff8800dffeffff]
[    3.108858] RAPL PMU detected, API unit is 2^-32 Joules, 3 fixed counters 10737418240 ms ovfl timer
[    3.110879] hw unit of domain pp0-core 2^-0 Joules
[    3.111921] hw unit of domain package 2^-0 Joules
[    3.112998] hw unit of domain pp1-gpu 2^-0 Joules
[    3.115360] platform rtc_cmos: registered platform RTC device (no PNP device found)
[    3.117510] Scanning for low memory corruption every 60 seconds
[    3.120113] audit: initializing netlink subsys (disabled)
[    3.125495] audit: type=2000 audit(1521825988.547:1): initialized
[    3.141760] Initialise system trusted keyring
[    3.155312] HugeTLB registered 2 MB page size, pre-allocated 0 pages
[    3.160477] zbud: loaded
[    3.162499] VFS: Disk quotas dquot_6.6.0
[    3.163431] VFS: Dquot-cache hash table entries: 512 (order 0, 4096 bytes)
[    3.170418] squashfs: version 4.0 (2009/01/31) Phillip Lougher
[    3.175630] fuse init (API version 7.23)
[    3.176668] Key type big_key registered
[    3.177578] Allocating IMA MOK and blacklist keyrings.
[    3.180783] Key type asymmetric registered
[    3.186813] Asymmetric key parser 'x509' registered
[    3.194094] Block layer SCSI generic (bsg) driver version 0.4 loaded (major 249)
[    3.205463] io scheduler noop registered
[    3.208333] io scheduler deadline registered (default)
[    3.221822] io scheduler cfq registered
[    3.222911] pci_hotplug: PCI Hot Plug PCI Core version: 0.5
[    3.225648] pciehp: PCI Express Hot Plug Controller Driver version: 0.4
[    3.226823] ACPI: AC Adapter [AC] (on-line)
[    3.227632] input: Power Button as /devices/LNXSYSTM:00/LNXPWRBN:00/input/input0
[    3.268120] ACPI: Power Button [PWRF]
[    3.270340] input: Sleep Button as /devices/LNXSYSTM:00/LNXSLPBN:00/input/input1
[    3.272061] ACPI: Sleep Button [SLPF]
[    3.273832] ACPI: Battery Slot [BAT0] (battery present)
[    3.274968] GHES: HEST is not enabled!
[    3.275938] Serial: 8250/16550 driver, 32 ports, IRQ sharing enabled
[    3.298910] 00:02: ttyS0 at I/O 0x3f8 (irq = 4, base_baud = 115200) is a 16550A
[    3.352018] Linux agpgart interface v0.103
[    3.366408] loop: module loaded
[    3.369007] scsi host0: ata_piix
[    3.370080] scsi host1: ata_piix
[    3.425949] ata1: PATA max UDMA/33 cmd 0x1f0 ctl 0x3f6 bmdma 0xd000 irq 14
[    3.438661] ata2: PATA max UDMA/33 cmd 0x170 ctl 0x376 bmdma 0xd008 irq 15
[    3.440427] libphy: Fixed MDIO Bus: probed
[    3.441391] tun: Universal TUN/TAP device driver, 1.6
[    3.442530] tun: (C) 1999-2004 Max Krasnyansky <maxk@qualcomm.com>
[    3.443867] PPP generic driver version 2.4.2
[    3.444952] ehci_hcd: USB 2.0 'Enhanced' Host Controller (EHCI) Driver
[    3.446296] ehci-pci: EHCI PCI platform driver
[    3.452612] ehci-platform: EHCI generic platform driver
[    3.453786] ohci_hcd: USB 1.1 'Open' Host Controller (OHCI) Driver
[    3.455092] ohci-pci: OHCI PCI platform driver
[    3.456091] ohci-platform: OHCI generic platform driver
[    3.461136] uhci_hcd: USB Universal Host Controller Interface driver
[    3.509044] i8042: PNP: PS/2 Controller [PNP0303:PS2K,PNP0f03:PS2M] at 0x60,0x64 irq 1,12
[    3.521093] serio: i8042 KBD port at 0x60,0x64 irq 1
[    3.522151] serio: i8042 AUX port at 0x60,0x64 irq 12
[    3.523363] mousedev: PS/2 mouse device common for all mice
[    3.546365] input: AT Translated Set 2 keyboard as /devices/platform/i8042/serio0/input/input2
[    3.575829] rtc_cmos rtc_cmos: rtc core: registered rtc_cmos as rtc0
[    3.576938] rtc_cmos rtc_cmos: alarms up to one day, 114 bytes nvram
[    3.579117] i2c /dev entries driver
[    3.595040] device-mapper: uevent: version 1.0.3
[    3.630457] device-mapper: ioctl: 4.34.0-ioctl (2015-10-28) initialised: dm-devel@redhat.com
[    3.648055] ledtrig-cpu: registered to indicate activity on CPUs
[    3.652103] NET: Registered protocol family 10
[    3.658844] NET: Registered protocol family 17
[    3.659932] Key type dns_resolver registered
[    3.661263] microcode: CPU0 sig=0x306a9, pf=0x2, revision=0x19
[    3.662620] microcode: CPU1 sig=0x306a9, pf=0x2, revision=0x19
[    3.682338] microcode: CPU2 sig=0x306a9, pf=0x2, revision=0x19
[    3.701568] microcode: CPU3 sig=0x306a9, pf=0x2, revision=0x19
[    3.702584] microcode: Microcode Update Driver: v2.01 <tigran@aivazian.fsnet.co.uk>, Peter Oruba
[    3.704758] registered taskstats version 1
[    3.705707] Loading compiled-in X.509 certificates
[    3.707399] Loaded X.509 cert 'Build time autogenerated kernel key: 4c603087bab8f0a02cb3b4e1fb4c40f507e71ef1'
[    3.710590] zswap: loaded using pool lzo/zbud
[    3.715650] Key type trusted registered
[    3.734604] Key type encrypted registered
[    3.742001] AppArmor: AppArmor sha1 policy hashing enabled
[    3.751773] ima: No TPM chip found, activating TPM-bypass!
[    3.753064] evm: HMAC attrs: 0x1
[    3.754229]   Magic number: 10:886:441
[    3.755243] rtc_cmos rtc_cmos: setting system clock to 2018-03-23 17:26:24 UTC (1521825984)
[    3.757294] BIOS EDD facility v0.16 2004-Jun-25, 0 devices found
[    3.758562] EDD information not available.
[    3.760817] Freeing unused kernel memory: 1508K
[    3.769618] Write protecting the kernel read-only data: 14336k
[    3.783451] Freeing unused kernel memory: 1728K
[    3.784514] Freeing unused kernel memory: 108K
Loading, please wait...
starting version[    3.833701] random: systemd-udevd: uninitialized urandom read (16 bytes read, 2 bits of entropy available)
 229
[    3.835437] random: udevadm: uninitialized urandom read (16 bytes read, 2 bits of entropy available)
[    3.835478] random: udevadm: uninitialized urandom read (16 bytes read, 2 bits of entropy available)
[    3.853201] random: systemd-udevd: uninitialized urandom read (16 bytes read, 2 bits of entropy available)
[    3.853355] random: udevadm: uninitialized urandom read (16 bytes read, 2 bits of entropy available)
[    3.853413] random: udevadm: uninitialized urandom read (16 bytes read, 2 bits of entropy available)
[    3.853797] random: udevadm: uninitialized urandom read (16 bytes read, 2 bits of entropy available)
[    3.853882] random: udevadm: uninitialized urandom read (16 bytes read, 2 bits of entropy available)
[    3.853969] random: udevadm: uninitialized urandom read (16 bytes read, 2 bits of entropy available)
[    3.854055] random: udevadm: uninitialized urandom read (16 bytes read, 2 bits of entropy available)
[    3.964152] e1000: Intel(R) PRO/1000 Network Driver - version 7.3.21-k8-NAPI
[    3.978011] e1000: Copyright (c) 1999-2006 Intel Corporation.
[    3.987876] Fusion MPT base driver 3.04.20
[    3.997668] Copyright (c) 1999-2008 LSI Corporation
[    4.006140] Fusion MPT SPI Host driver 3.04.20
[    4.023241] AVX version of gcm_enc/dec engaged.
[    4.034967] AES CTR mode by8 optimization enabled
[    4.118543] tsc: Refined TSC clocksource calibration: 2594.383 MHz
[    4.135777] clocksource: tsc: mask: 0xffffffffffffffff max_cycles: 0x256581d413c, max_idle_ns: 440795210406 ns
[    4.199471] input: ImExPS/2 Generic Explorer Mouse as /devices/platform/i8042/serio1/input/input4
[    4.351987] e1000 0000:00:03.0 eth0: (PCI:33MHz:32-bit) 02:69:07:7b:a1:bd
[    4.358657] e1000 0000:00:03.0 eth0: Intel(R) PRO/1000 Network Connection
[    4.360841] mptbase: ioc0: Initiating bringup
[    4.429592] ioc0: LSI53C1030 A0: Capabilities={Initiator}
[    4.604210] scsi host2: ioc0: LSI53C1030 A0, FwRev=00000000h, Ports=1, MaxQ=256, IRQ=20
[    4.781933] scsi 2:0:0:0: Direct-Access     VBOX     HARDDISK         1.0  PQ: 0 ANSI: 5
[    4.787917] scsi target2:0:0: Beginning Domain Validation
[    4.834688] scsi target2:0:0: Domain Validation skipping write tests
[    4.838324] scsi target2:0:0: Ending Domain Validation
[    4.839195] scsi target2:0:0: asynchronous
[    4.840323] scsi 2:0:1:0: Direct-Access     VBOX     HARDDISK         1.0  PQ: 0 ANSI: 5
[    4.843242] scsi target2:0:1: Beginning Domain Validation
[    4.845671] scsi target2:0:1: Domain Validation skipping write tests
[    4.851900] scsi target2:0:1: Ending Domain Validation
[    4.852842] scsi target2:0:1: asynchronous
[    4.859375] sd 2:0:0:0: Attached scsi generic sg0 type 0
[    4.868760] sd 2:0:0:0: [sda] 20971520 512-byte logical blocks: (10.7 GB/10.0 GiB)
[    4.897089] sd 2:0:1:0: [sdb] 20480 512-byte logical blocks: (10.5 MB/10.0 MiB)
[    4.897249] sd 2:0:1:0: Attached scsi generic sg1 type 0
[    4.898855] sd 2:0:0:0: [sda] Write Protect is off
[    4.899051] sd 2:0:0:0: [sda] Incomplete mode parameter data
[    4.899052] sd 2:0:0:0: [sda] Assuming drive cache: write through
[    4.901072]  sda: sda1
[    4.907861] sd 2:0:0:0: [sda] Attached SCSI disk
[    4.932706] sd 2:0:1:0: [sdb] Write Protect is off
[    4.934002] sd 2:0:1:0: [sdb] Incomplete mode parameter data
[    4.935294] sd 2:0:1:0: [sdb] Assuming drive cache: write through
[    4.938935] sd 2:0:1:0: [sdb] Attached SCSI disk
[    5.200318] e1000 0000:00:08.0 eth1: (PCI:33MHz:32-bit) 08:00:27:66:31:54
[    5.228587] e1000 0000:00:08.0 eth1: Intel(R) PRO/1000 Network Connection
[    5.241797] e1000 0000:00:03.0 enp0s3: renamed from eth0
[    5.265144] e1000 0000:00:08.0 enp0s8: renamed from eth1
[    6.993718] floppy0: no floppy controllers found
Begin: Loading e[    8.409837] md: linear personality registered for level -1
ssential drivers ... [    8.429905] md: multipath personality registered for level -4
[    8.435288] md: raid0 personality registered for level 0
[    8.441310] md: raid1 personality registered for level 1
[    8.528726] raid6: sse2x1   gen()  8640 MB/s
[    8.600713] raid6: sse2x1   xor()  6876 MB/s
[    8.672729] raid6: sse2x2   gen() 10476 MB/s
[    8.760724] raid6: sse2x2   xor()  7515 MB/s
[    8.832717] raid6: sse2x4   gen() 12524 MB/s
[    8.916716] raid6: sse2x4   xor()  9141 MB/s
[    8.925469] raid6: using algorithm sse2x4 gen() 12524 MB/s
[    8.926570] raid6: .... xor() 9141 MB/s, rmw enabled
[    8.927637] raid6: using ssse3x2 recovery algorithm
[    8.930403] xor: automatically using best checksumming function:
[    8.988740]    avx       : 17515.000 MB/sec
[    9.007506] async_tx: api initialized (async)
[    9.027034] md: raid6 personality registered for level 6
[    9.051682] md: raid5 personality registered for level 5
[    9.058598] md: raid4 personality registered for level 4
[    9.069092] md: raid10 personality registered for level 10
done.
Begin: Running /scripts/init-premount ... done.
Begin: Mounting root file system ... Begin: Running /scripts/local-top ... done.
Begin: Running /scripts/local-premount ... [    9.131247] Btrfs loaded
Scanning for Btrfs filesystems
done.
Warning: fsck no[    9.183422] EXT4-fs (sda1): mounted filesystem with ordered data mode. Opts: (null)
t present, so skipping root file system
done.
Begin: Running /scripts/local-bottom ... done.
Begin: Running /scripts/init-bottom ... done.
[    9.345563] systemd[1]: systemd 229 running in system mode. (+PAM +AUDIT +SELINUX +IMA +APPARMOR +SMACK +SYSVINIT +UTMP +LIBCRYPTSETUP +GCRYPT +GNUTLS +ACL +XZ -LZ4 +SECCOMP +BLKID +ELFUTILS +KMOD -IDN)
[    9.451824] systemd[1]: Detected virtualization oracle.
[    9.465696] systemd[1]: Detected architecture x86-64.

Welcome to [1mUbuntu 16.04.3 LTS[0m!

[    9.492435] systemd[1]: Set hostname to <ubuntu>.
[    9.507385] systemd[1]: Initializing machine ID from random generator.
[    9.514207] systemd[1]: Installed transient /etc/machine-id file.
[    9.714109] systemd[1]: Listening on Journal Audit Socket.
[[0;32m  OK  [0m] Listening on Journal Audit Socket.
[    9.729048] systemd[1]: Reached target Encrypted Volumes.
[[0;32m  OK  [0m] Reached target Encrypted Volumes.
[    9.816329] systemd[1]: Created slice System Slice.
[[0;32m  OK  [0m] Created slice System Slice.
[    9.851992] systemd[1]: Listening on udev Kernel Socket.
[[0;32m  OK  [0m] Listening on udev Kernel Socket.
[    9.866667] systemd[1]: Started Forward Password Requests to Wall Directory Watch.
[[0;32m  OK  [0m] Started Forward Password Requests to Wall Directory Watch.
[    9.917176] systemd[1]: Listening on /dev/initctl Compatibility Named Pipe.
[[0;32m  OK  [0m] Listening on /dev/initctl Compatibility Named Pipe.
[    9.922318] systemd[1]: Created slice system-serial\x2dgetty.slice.
[[0;32m  OK  [0m] Created slice system-serial\x2dgetty.slice.
[    9.924722] systemd[1]: Set up automount Arbitrary Executable File Formats File System Automount Point.
[[0;32m  OK  [0m] Set up automount Arbitrary Executab...ats File System Automount Point.
[    9.928096] systemd[1]: Listening on LVM2 metadata daemon socket.
[[0;32m  OK  [0m] Listening on LVM2 metadata daemon socket.
[    9.930785] systemd[1]: Listening on Journal Socket (/dev/log).
[[0;32m  OK  [0m] Listening on Journal Socket (/dev/log).
[    9.933404] systemd[1]: Listening on Journal Socket.
[[0;32m  OK  [0m] Listening on Journal Socket.
[    9.950032] systemd[1]: Starting Set console keymap...
         Starting Set console keymap...
[   10.013421] systemd[1]: Starting Remount Root and Kernel File Systems...
[   10.021015] EXT4-fs (sda1): re-mounted. Opts: (null)
         Starting Remount Root and Kernel File Systems...
[   10.155524] systemd[1]: Mounting POSIX Message Queue File System...
         Mounting POSIX Message Queue File System...
[   10.232889] systemd[1]: Mounting Debug File System...
         Mounting Debug File System...
[   10.251173] systemd[1]: Starting Nameserver information manager...
         Starting Nameserver information manager...
[   10.261793] systemd[1]: Mounting Huge Pages File System...
         Mounting Huge Pages File System...
[   10.347629] systemd[1]: Starting Create list of required static device nodes for the current kernel...
         Starting Create list of required st... nodes for the current kernel...
[   10.401944] systemd[1]: Starting Load Kernel Modules...
         Starting Load Kernel Mo[   10.417370] Loading iSCSI transport class v2.0-870.
dules...
[   10.529064] systemd[1]: Reached target Swap.
[   10.541061] iscsi: registered transport (tcp)
[[0;32m  OK  [0m] Reached target Swap.
[   10.542873] systemd[1]: Listening on Syslog Socket.
[[0;32m  OK  [0m] Listening on Syslog Socket.
[   10.565038] systemd[1]: Starting Journal Service...
         Starting Journal Service...
[   10.571397] systemd[1]: Starting Uncomplicated firewall...
         Starting Uncomplicated [   10.591962] iscsi: registered transport (iser)
firewall...
[   10.608764] systemd[1]: Created slice User and Session Slice.
[[0;32m  OK  [0m] Created slice User and Session Slice.
[   10.615334] systemd[1]: Reached target Slices.
[[0;32m  OK  [0m] Reached target Slices.
[   10.623371] systemd[1]: Reached target User and Group Name Lookups.
[[0;32m  OK  [0m] Reached target User and Group Name Lookups.
[   10.641878] systemd[1]: Started Trigger resolvconf update for networkd DNS.
[[0;32m  OK  [0m] Started Trigger resolvconf update for networkd DNS.
[   10.644278] systemd[1]: Listening on udev Control Socket.
[[0;32m  OK  [0m] Listening on udev Control Socket.
[   10.646662] systemd[1]: Listening on LVM2 poll daemon socket.
[[0;32m  OK  [0m] Listening on LVM2 poll daemon socket.
[   10.655779] systemd[1]: Listening on Device-mapper event daemon FIFOs.
[[0;32m  OK  [0m] Listening on Device-mapper event daemon FIFOs.
[   10.673627] systemd[1]: Starting Monitoring of LVM2 mirrors, snapshots etc. using dmeventd or progress polling...
         Starting Monitoring of LVM2 mirrors... dmeventd or progress polling...
[   10.704502] systemd[1]: Mounted Debug File System.
[[0;32m  OK  [0m] Mounted Debug File System.
[   10.753088] systemd[1]: Mounted Huge Pages File System.
[[0;32m  OK  [0m] Mounted Huge Pages File System.
[   10.769077] systemd[1]: Mounted POSIX Message Queue File System.
[[0;32m  OK  [0m] Mounted POSIX Message Queue File System.
[   10.781363] systemd[1]: Started Journal Service.
[[0;32m  OK  [0m] Started Journal Service.
[[0;32m  OK  [0m] Started Set console keymap.
[[0;32m  OK  [0m] Started Remount Root and Kernel File Systems.
[   10.844421] random: nonblocking pool is initialized
[[0;32m  OK  [0m] Started Create list of required sta...ce nodes for the current kernel.
[[0;32m  OK  [0m] Started Load Kernel Modules.
[[0;32m  OK  [0m] Started Uncomplicated firewall.
[[0;32m  OK  [0m] Started Nameserver information manager.
[[0;32m  OK  [0m] Started LVM2 metadata daemon.
         Starting Apply Kernel Variables...
         Mounting FUSE Control File System...
         Starting Create Static Device Nodes in /dev...
         Starting udev Coldplug all Devices...
         Starting Initial cloud-init job (pre-networking)...
         Starting Load/Save Random Seed...
         Starting Flush Journal to Persistent Storage...
[[0;32m  OK  [0m] Mounted FUSE Control File System.
[[0;32m  OK  [0m] Started Apply Kernel Variables.
[[0;32m  OK  [0m] Started Create Static Device Nodes in /dev.
[[0;32m  OK  [0m] Started Load/Save Random Seed.
[[0;32m  OK  [0m] Started udev Coldplug all Devices.
[[0;32m  OK  [0m] Started Flush Journal to Persistent Storage.
         Starting udev Kernel Device Manager...
[[0;32m  OK  [0m] Started udev Kernel Device Manager.
[[0;32m  OK  [0m] Started Dispatch Password Requests to Console Directory Watch.
[[0;32m  OK  [0m] Found device /dev/ttyS0.
[[0;32m  OK  [0m] Started Monitoring of LVM2 mirrors,...ng dmeventd or progress polling.
[[0;32m  OK  [0m] Reached target Local File Systems (Pre).
[[0;32m  OK  [0m] Reached target Local File Systems.
         Starting Set console font and keymap...
[   11.593118]          Starting LSB: AppArmor initialization...
cloud-init[476]: Cloud-init v. 17.1 running 'init-local' at Fri, 23 Mar 2018 17:26:32 +0000. Up 11.20 seconds.
         Starting Create Volatile Files and Directories...
         Starting Tell Plymouth To Write Out Runtime Data...
         Starting Commit a transient machine-id on disk...
[[0;32m  OK  [0m] Listening on Load/Save RF Kill Switch Status /dev/rfkill Watch.
[[0;32m  OK  [0m] Started Create Volatile Files and Directories.
[[0;32m  OK  [0m] Started Tell Plymouth To Write Out Runtime Data.
[[0;1;31mFAILED[0m] Failed to start Set console font and keymap.
See 'systemctl status console-setup.service' for details.
[[0;32m  OK  [0m] Started Commit a transient machine-id on disk.
[[0;32m  OK  [0m] Started Initial cloud-init job (pre-networking).
[[0;32m  OK  [0m] Reached target Network (Pre).
[[0;32m  OK  [0m] Created slice system-getty.slice.
         Starting Update UTMP about System Boot/Shutdown...
[[0;32m  OK  [0m] Reached target System Time Synchronized.
[[0;32m  OK  [0m] Started Update UTMP about System Boot/Shutdown.
[[0;32m  OK  [0m] Started LSB: AppArmor initialization.
         Starting Raise network interfaces...
[[0;32m  OK  [0m] Started Raise network interfaces.
[[0;32m  OK  [0m] Reached target Network.
         Starting Initial cloud-init job (metadata service crawler)...
[   15.453426] cloud-init[953]: Cloud-init v. 17.1 running 'init' at Fri, 23 Mar 2018 17:26:36 +0000. Up 14.56 seconds.
[   15.480871] cloud-init[953]: ci-info: +++++++++++++++++++++++++++++++++++++Net device info++++++++++++++++++++++++++++++++++++++
[   15.561350] [cloud-init[0;32m  OK  [0m[953]: ] ci-info: +--------+-------+---------------------------+---------------+-------+-------------------+Started Initial cloud-init job (metadata service crawler).

[   15.562298] cloud-init[953]: ci-info: | Device |   Up  |          Address          |      Mask     | Scope |     Hw-Address    |
[   15.581590] [[0;32m  OK  [0m] Reached target System Initialization.
[[0;32m  OK  [0m] Started Timer to automatically refresh installed snaps.
cloud-init[953]: ci-info: +--------+-------+---------------------------+---------------+-------+-------------------+
[   15.588802]          Starting LXD - unix socket.
[[0;32m  OK  [0m] Listening on D-Bus System Message Bus Socket.
[[0;32m  OK  [0m] Listening on UUID daemon activation socket.
cloud-init[953]: ci-info: | enp0s3 |  True |         10.0.2.15         | 255.255.255.0 |   .   | 02:69:07:7b:a1:bd |
[[0;32m  OK  [0m] Started ACPI Events Check.
[   15.593215] [[0;32m  OK  [0m] Reached target Paths.
[[0;32m  OK  [0m] Started Daily Cleanup of Temporary Directories.
[[0;32m  OK  [0m] Listening on ACPID Listen Socket.
         Starting Socket activation for snappy daemon.
[[0;32m  OK  [0m] Reached target Cloud-config availability.
[[0;32m  OK  [0m] Reached target Network is Online.
[[0;32m  OK  [0m] Started Daily apt download activities.
[[0;32m  OK  [0m] Started Daily apt upgrade and clean activities.
[[0;32m  OK  [0m] Reached target Timers.
cloud-init[953]: ci-info: | enp0s3 |  True | fe80::69:7ff:fe7b:a1bd/64 |       .       |  link | 02:69:07:7b:a1:bd |
         Starting iSCSI initiator daemon (iscsid)...
[[0;32m  OK  [0m] Listening on LXD - unix socket.
[[0;32m  OK  [0m] Listening on Socket activation for snappy daemon.
[   15.658130] cloud-init[953]: ci-info: | enp0s8 | False |             .             |       .       |   .   | 08:00:27:66:31:54 |
[   15.701345] cloud-init[953]: ci-info: |   lo   |  True |         127.0.0.1         |   255.0.0.0   |   .   |         .         |
[   15.765087] cloud-init[953]: ci-info: |   lo   |  True |          ::1/128          |       .       |  host |         .         |
[   15.844790] cloud-init[953]: ci-info: +--------+-------+---------------------------+---------------+-------+-------------------+
[   15.904658] cloud-init[953]: ci-info: +++++++++++++++++++++++++++Route IPv4 info++++++++++++++++++++++++++++
[[0;32m  OK  [0m] Started iSCSI initiator daemon (iscsid).
[   15.913083] cloud-init[953]: ci-info: +-------+-------------+----------+---------------+-----------+-------+
[   15.920815] cloud-init[953]: ci-info: | Route | Destination | Gateway  |    Genmask    | Interface | Flags |
[   15.957588] cloud-init[953]: ci-info: +-------+-------------+----------+---------------+-----------+-------+
         [   15.980762] cloud-init[953]: ci-info: |   0   |   0.0.0.0   | 10.0.2.2 |    0.0.0.0    |   enp0s3  |   UG  |
[   15.981036] cloud-init[953]: ci-info: |   1   |   10.0.2.0  | 0.0.0.0  | 255.255.255.0 |   enp0s3  |   U   |
[   15.981535] cloud-init[953]: ci-info: +-------+-------------+----------+---------------+-----------+-------+
[   15.982010] cloud-init[953]: Generating public/private rsa key pair.
[   15.982496] cloud-init[953]: Your identification has been saved in /etc/ssh/ssh_host_rsa_key.
[   15.983065] cloud-init[953]: Your public key has been saved in /etc/ssh/ssh_host_rsa_key.pub.
[   15.983450] cloud-init[953]: The key fingerprint is:
[   15.983674] cloud-init[953]: SHA256:o12xJ4+yASPhYxsmJZN/Uv3uwuSCiEB5CaeJyhezcpg root@ubuntu-xenial
[   15.983883] cloud-init[953]: The key's randomart image is:
Starting Login to default iSCSI targets...
[[0;32m  OK  [0m] Reached target Sockets.
[[0;32m  OK  [0m] Reached target Basic System.
[   15.984231] cloud-init[953]: +---[RSA 2048]----+
[   16.004836] cloud-init[953]: |                 |
         Starting Accounts Service...
[   16.017348] cloud-init[953]: | . o   .         |
         Starting LSB: Record successful boot for GRUB...
[   16.066100] cloud-init[953]: |. X + . . .      |
[   16.115564] cloud-init[953]: |.= @ o   . o     |
[   16.125981] cloud-init[953]: |+ = & + S = .    |
         Starting /etc/rc.local Compatibility...
[   16.152701] cloud-init[953]: |oE B B =.+ =     |
[[0;32m  OK  [0m] Started Deferred execution scheduler.
[   16.198017] cloud-init[953]: |..+....++ o .    |
[   16.211514] cloud-init[953]: |. . . . +=       |
[   16.214806] cloud-init[953]: |       ....      |
[   16.216778] cloud-init[953]: +----[SHA256]-----+
[   16.218738] cloud-init[953]: Generating public/private dsa key pair.
[   16.223516] cloud-init[953]: Your identification has been saved in /etc/ssh/ssh_host_dsa_key.
[   16.235048] [cloud-init[0;32m  OK  [0m[953]: ] Your public key has been saved in /etc/ssh/ssh_host_dsa_key.pub.Started D-Bus System Message Bus.

[   16.236111] cloud-init[953]: The key fingerprint is:
[   16.268534] cloud-init[953]: SHA256:3J8Jw9oQ09HnmqIn8RZvt1nvlGXed/18mZfuBjzdgDc root@ubuntu-xenial
[   16.283032] [cloud-init[0;32m  OK  [0m[953]: ] The key's randomart image is:Started Regular background program processing daemon.

[   16.283769] cloud-init[953]: +---[DSA 1024]----+
[   16.307424]          cloud-initStarting Snappy daemon...[953]: 
|          ..     |
[[0;32m  OK  [0m] Started Unattended Upgrades Shutdown.
[   16.332500] cloud-init[953]: |         . .. .  |
[   16.342914] cloud-init[953]: |        o .  +   |
[   16.347139] cloud-init[953]: |       . =  . E  |
[   16.352413] cloud-init[953]: |        S = .+.o+|
         Starting Apply the settings specified in cloud-config...
[   16.353075] cloud-init[953]: |        .+o+o* +*|
[   16.384370] [cloud-init[0;32m  OK  [0m[953]: ] |        .+.++ o.%|Started FUSE filesystem for LXC.

[   16.384688] cloud-init[953]: |        o + o .XB|
[   16.432357] cloud-init[953]: |         + . .*=B|
         [   16.432778] Starting Login Service...cloud-init
[953]: +----[SHA256]-----+
[   16.460452] cloud-init[953]: Generating public/private ecdsa key pair.
         Starting Pollinate to seed the pseudo random number generator...
[   16.460965] cloud-init[953]: Your identification has been saved in /etc/ssh/ssh_host_ecdsa_key.
[   16.496802] cloud-init[953]: Your public key has been saved in /etc/ssh/ssh_host_ecdsa_key.pub.
[   16.500069] cloud-init[953]: The key fingerprint is:
[   16.508793] cloud-init[953]: SHA256:iTTewJsv6DBL+PuY4UHyJV8l9nZBvCdaN3/jZjN9Y1s root@ubuntu-xenial
[   16.525103]          cloud-initStarting LXD - container startup/shutdown...[953]: 
The key's randomart image is:
[   16.554068]          cloud-initStarting LSB: MD monitoring daemon...[953]: 
+---[ECDSA 256]---+
[   16.576389] [cloud-init[0;32m  OK  [0m[953]: ] |         ..      |Started ACPI event daemon.

[   16.588524]          cloud-initStarting System Logging Service...[953]: 
|     .   ..      |
[[0;32m  OK  [0m] Started Snappy daemon.
[   16.601223] cloud-init[953]: |      B . ..     |
[   16.617063] [cloud-init[0;32m  OK  [0m[953]: |     + @ .+.+    |] 
Started /etc/rc.local Compatibility.
[   16.617460] cloud-init[953]: |. o . * So.+ o   |
[   16.624298] [cloud-init[0;32m  OK  [0m[953]: ] | = + o o..    ...|Started System Logging Service.

[   16.624685] cloud-init[953]: |. B o . .     ..E|
[   16.637175] cloud-init[953]: | + X   .       O+|
[   16.655349] [cloud-init[0;32m  OK  [0m[953]: ] |  Boo         +.*|Started LXD - container startup/shutdown.

[   16.655756] cloud-init[953]: +----[SHA256]-----+
[   16.713546] [cloud-init[0;32m  OK  [0m[953]: ] Generating public/private ed25519 key pair.Started Login to default iSCSI targets.

[   16.713897] cloud-init[953]: Your identification has been saved in /etc/ssh/ssh_host_ed25519_key.
[   16.803808] [cloud-init[0;32m  OK  [0m[953]: ] Your public key has been saved in /etc/ssh/ssh_host_ed25519_key.pub.Started LSB: Record successful boot for GRUB.

[   16.804102] cloud-init[953]: The key fingerprint is:
[   16.861966] cloud-init[953]: SHA256:Lmsxte3guoNKWFfsbL4Zyk+oZlp0owMPBHM5m3wtTcg root@ubuntu-xenial
[   16.867531] cloud-init[953]: The key's randomart image is:
[   16.876462] cloud-init[953]: +--[ED25519 256]--+
[   16.900828] cloud-init[953]: |o .o .           |
[[   16.903185] [0;32m  OK  [0mcloud-init] [953]: Started LSB: MD monitoring daemon.|.oo E..          |

[   16.903534] cloud-init[953]: | o + +o          |
[   16.908215] cloud-init[953]: |. + o+o .        |
         Starting Authenticate and Authorize Users to Run Privileged Tasks...
[   16.937072] cloud-init[953]: |o o.+.+.So       |
[[0;32m  OK  [0m] Reached target Remote File Systems (Pre).
[   16.947179] cloud-init[953]: | B + =o.o .      |
[   16.992989] [cloud-init[0;32m  OK  [0m[953]: ] |. * ..=+.o       |Reached target Remote File Systems.

[   16.993652] cloud-init[953]: | oo+.oo*. .      |
[   17.048495]          cloud-initStarting LSB: VirtualBox Linux Additions...[953]: 
|.+o.ooB+         |
         Starting LSB: daemon to balance interrupts for SMP systems...
[   17.073494] cloud-init[953]: +----[SHA256]-----+
         Starting Permit User Sessions...
[   17.109355] cloud-init[1076]: Generating locales (this might take a while)...
         Starting LSB: Set the CPU Frequency Scaling governor to "ondemand"...
         Starting LSB: automatic crash report generation...
[[0;32m  OK  [0m] Started Permit User Sessions.
[[0;32m  OK  [0m] Started Login Service.
[[0;32m  OK  [0m] Started Authenticate and Authorize Users to Run Privileged Tasks.
[[0;32m  OK  [0m] Started Accounts Service.
         Starting Terminate Plymouth Boot Screen...
         Starting Hold until boot process finishes up...
[[0;32m  OK  [0m] Started LSB: daemon to balance interrupts for SMP systems.
[[0;32m  OK  [0m] Started LSB: VirtualBox Linux Additions.
[[0;32m  OK  [0m] Started LSB: Set the CPU Frequency Scaling governor to "ondemand".
[[0;32m  OK  [0m] Started LSB: automatic crash report generation.
[[0;32m  OK  [0m] Started Terminate Plymouth Boot Screen.
[[0;32m  OK  [0m] Started Hold until boot process finishes up.
[[0;32m  OK  [0m] Started Getty on tty1.
         Starting Set console scheme...
[[0;32m  OK  [0m] Started Serial Getty on ttyS0.
[[0;32m  OK  [0m] Reached target Login Prompts.
[[0;32m  OK  [0m] Started Set console scheme.
[   17.910415] cloud-init[1076]:   en_US.UTF-8... done
[   17.916806] cloud-init[1076]: Generation complete.
[[0;32m  OK  [0m] Started Pollinate to seed the pseudo random number generator.
         Starting OpenBSD Secure Shell server...
[[0;32m  OK  [0m] Started OpenBSD Secure Shell server.
[[0;32m  OK  [0m] Reached target Multi-User System.
[[0;32m  OK  [0m] Reached target Graphical Interface.
         Starting Update UTMP about System Runlevel Changes...
[[0;32m  OK  [0m] Started Update UTMP about System Runlevel Changes.
[   18.387208] cloud-init[1076]: Cloud-init v. 17.1 running 'modules:config' at Fri, 23 Mar 2018 17:26:38 +0000. Up 16.76 seconds.
[[0;32m  OK  [0m] Started Apply the settings specified in cloud-config.
         Starting Execute cloud user/final scripts...
ci-info: no authorized ssh keys fingerprints found for user ubuntu.
<14>Mar 23 17:26:40 ec2: 
<14>Mar 23 17:26:40 ec2: #############################################################
<14>Mar 23 17:26:40 ec2: -----BEGIN SSH HOST KEY FINGERPRINTS-----
<14>Mar 23 17:26:40 ec2: 1024 SHA256:3J8Jw9oQ09HnmqIn8RZvt1nvlGXed/18mZfuBjzdgDc root@ubuntu-xenial (DSA)
<14>Mar 23 17:26:40 ec2: 256 SHA256:iTTewJsv6DBL+PuY4UHyJV8l9nZBvCdaN3/jZjN9Y1s root@ubuntu-xenial (ECDSA)
<14>Mar 23 17:26:40 ec2: 256 SHA256:Lmsxte3guoNKWFfsbL4Zyk+oZlp0owMPBHM5m3wtTcg root@ubuntu-xenial (ED25519)
<14>Mar 23 17:26:40 ec2: 2048 SHA256:o12xJ4+yASPhYxsmJZN/Uv3uwuSCiEB5CaeJyhezcpg root@ubuntu-xenial (RSA)
<14>Mar 23 17:26:40 ec2: -----END SSH HOST KEY FINGERPRINTS-----
<14>Mar 23 17:26:40 ec2: #############################################################
-----BEGIN SSH HOST KEY KEYS-----
ecdsa-sha2-nistp256 AAAAE2VjZHNhLXNoYTItbmlzdHAyNTYAAAAIbmlzdHAyNTYAAABBBDgkOaL4e3vdcKnKvTMKAbx0yAGT2yOM97JU1mJ3F+8k2JjQ8FA/BaGQyBVhh6g7/gbg/QGKo+8/i/hghe6iKxo= root@ubuntu-xenial
ssh-ed25519 AAAAC3NzaC1lZDI1NTE5AAAAIED4rBJro+vigaKdgOB8ZV8mMqzdFclbu0nhiagYyLoy root@ubuntu-xenial
ssh-rsa AAAAB3NzaC1yc2EAAAADAQABAAABAQDDNe6nH/6OfNwUHTlQTe3y/GtupRdv/lKjGiK+xnMke2rrF5FXWc0PGaSGMN9pwsAuiUWfu+pUVazVAZhYvIyHqXqkrUaHZ5oDe9qDXZSwLa5pYidePONEwQThEg9Z+MKxBpuGEzyQKVvTobULo+OxaWcEcbMaFfvn2DzCqFkVrlND/DfeEclEAzx/d+3Mg0W16SSWDEqf7+k7omIGavB9jvfvqSK47ClQ5WkwFpvnBymo5sKGDhx2EyxSDLBgN3NYkLLlVxqQ3xqnAO4TET4kF8Fg+HNMQUFNRe+RqeYE18r95nPTuQYOzJ+ygeLwyHSOR/1uDkxrB5PtJPGJhl5v root@ubuntu-xenial
-----END SSH HOST KEY KEYS-----
[[0;32m  OK  [0m] Created slice User Slice of vagrant.
[   19.157502] cloud-init[1303]: Cloud-init v. 17.1 running 'modules:final' at Fri, 23 Mar 2018 17:26:40 +0000. Up 18.81 seconds.
[   19.200599]          cloud-initStarting User Manager for UID 1000...[1303]: 
ci-info: no authorized ssh keys fingerprints found for user ubuntu.
[   19.200907] cloud-init[1303]: Cloud-init v. 17.1 finished at Fri, 23 Mar 2018 17:26:40 +0000. Datasource DataSourceNoCloud [seed=/dev/sdb][dsmode=net].  Up 19.14 seconds
[[0;32m  OK  [0m] Started User Manager for UID 1000.
[[0;32m  OK  [0m] Started Execute cloud user/final scripts.
[[0;32m  OK  [0m] Started Session 1 of user vagrant.
[[0;32m  OK  [0m] Reached target Cloud-init target.

Ubuntu 16.04.3 LTS ubuntu-xenial ttyS0

ubuntu-xenial login: 